{"/home/madt/Desktop/Zemoso-Training/dev/blog-mern/frontend/src/components/atoms/Avatar/index.tsx": {"path":"/home/madt/Desktop/Zemoso-Training/dev/blog-mern/frontend/src/components/atoms/Avatar/index.tsx","statementMap":{"0":{"start":{"line":5,"column":40},"end":{"line":7,"column":1}},"1":{"start":{"line":6,"column":2},"end":{"line":6,"column":31}}},"fnMap":{"0":{"name":"(anonymous_0)","decl":{"start":{"line":5,"column":40},"end":{"line":5,"column":41}},"loc":{"start":{"line":5,"column":51},"end":{"line":7,"column":1}},"line":5}},"branchMap":{},"s":{"0":1,"1":1},"f":{"0":1},"b":{},"_coverageSchema":"1a1c01bbd47fc00a2c39e90264f33305004495a9","hash":"01028d86daa29c3f08310391c6b4f4e93a96fb91"}
,"/home/madt/Desktop/Zemoso-Training/dev/blog-mern/frontend/src/components/atoms/Button/index.tsx": {"path":"/home/madt/Desktop/Zemoso-Training/dev/blog-mern/frontend/src/components/atoms/Button/index.tsx","statementMap":{"0":{"start":{"line":20,"column":17},"end":{"line":49,"column":1}},"1":{"start":{"line":21,"column":23},"end":{"line":36,"column":5}},"2":{"start":{"line":38,"column":2},"end":{"line":48,"column":4}}},"fnMap":{"0":{"name":"(anonymous_0)","decl":{"start":{"line":20,"column":17},"end":{"line":20,"column":18}},"loc":{"start":{"line":20,"column":41},"end":{"line":49,"column":1}},"line":20}},"branchMap":{},"s":{"0":1,"1":2,"2":2},"f":{"0":2},"b":{},"_coverageSchema":"1a1c01bbd47fc00a2c39e90264f33305004495a9","hash":"82b45f9a3fc1e2d7b1acbd65dd0372bea69d8546"}
,"/home/madt/Desktop/Zemoso-Training/dev/blog-mern/frontend/src/components/atoms/Icon/index.tsx": {"path":"/home/madt/Desktop/Zemoso-Training/dev/blog-mern/frontend/src/components/atoms/Icon/index.tsx","statementMap":{"0":{"start":{"line":12,"column":15},"end":{"line":24,"column":1}},"1":{"start":{"line":14,"column":23},"end":{"line":17,"column":5}},"2":{"start":{"line":19,"column":4},"end":{"line":23,"column":6}}},"fnMap":{"0":{"name":"(anonymous_0)","decl":{"start":{"line":12,"column":15},"end":{"line":12,"column":16}},"loc":{"start":{"line":12,"column":63},"end":{"line":24,"column":1}},"line":12}},"branchMap":{},"s":{"0":1,"1":2,"2":2},"f":{"0":2},"b":{},"_coverageSchema":"1a1c01bbd47fc00a2c39e90264f33305004495a9","hash":"2c1d6341c9f134bf896eee02ca2b4fc850322d2d"}
,"/home/madt/Desktop/Zemoso-Training/dev/blog-mern/frontend/src/components/atoms/Image/index.tsx": {"path":"/home/madt/Desktop/Zemoso-Training/dev/blog-mern/frontend/src/components/atoms/Image/index.tsx","statementMap":{"0":{"start":{"line":9,"column":16},"end":{"line":9,"column":100}},"1":{"start":{"line":9,"column":41},"end":{"line":9,"column":100}}},"fnMap":{"0":{"name":"(anonymous_0)","decl":{"start":{"line":9,"column":16},"end":{"line":9,"column":17}},"loc":{"start":{"line":9,"column":41},"end":{"line":9,"column":100}},"line":9}},"branchMap":{},"s":{"0":1,"1":2},"f":{"0":2},"b":{},"_coverageSchema":"1a1c01bbd47fc00a2c39e90264f33305004495a9","hash":"b4b8b70aa85f82d21c0fde65ca7e01dc8c05be88"}
,"/home/madt/Desktop/Zemoso-Training/dev/blog-mern/frontend/src/components/atoms/Inputfield/index.tsx": {"path":"/home/madt/Desktop/Zemoso-Training/dev/blog-mern/frontend/src/components/atoms/Inputfield/index.tsx","statementMap":{"0":{"start":{"line":20,"column":20},"end":{"line":54,"column":1}},"1":{"start":{"line":34,"column":28},"end":{"line":36,"column":6}},"2":{"start":{"line":39,"column":2},"end":{"line":53,"column":4}}},"fnMap":{"0":{"name":"(anonymous_0)","decl":{"start":{"line":20,"column":20},"end":{"line":20,"column":21}},"loc":{"start":{"line":31,"column":24},"end":{"line":54,"column":1}},"line":31}},"branchMap":{},"s":{"0":1,"1":1,"2":1},"f":{"0":1},"b":{},"_coverageSchema":"1a1c01bbd47fc00a2c39e90264f33305004495a9","hash":"a85f6f1d1fd83ce92286cd819488c314b5ee3fb5"}
,"/home/madt/Desktop/Zemoso-Training/dev/blog-mern/frontend/src/components/atoms/Typography/index.tsx": {"path":"/home/madt/Desktop/Zemoso-Training/dev/blog-mern/frontend/src/components/atoms/Typography/index.tsx","statementMap":{"0":{"start":{"line":8,"column":21},"end":{"line":12,"column":1}},"1":{"start":{"line":9,"column":2},"end":{"line":11,"column":3}}},"fnMap":{"0":{"name":"(anonymous_0)","decl":{"start":{"line":8,"column":21},"end":{"line":8,"column":22}},"loc":{"start":{"line":8,"column":52},"end":{"line":12,"column":1}},"line":8}},"branchMap":{},"s":{"0":1,"1":1},"f":{"0":1},"b":{},"_coverageSchema":"1a1c01bbd47fc00a2c39e90264f33305004495a9","hash":"4a3d1b62ba83d5792f6276daebfbce0b366de601"}
}
